Arguments: 
  C:\Program Files\nodejs\node.exe C:\code\AppMobile\ChatApp\node_modules\yarn\bin\yarn.js add react-native-screens

PATH: 
  C:\code\AppMobile\ChatApp\node_modules\.bin;C:\Windows\system32;C:\Windows;C:\Windows\System32\Wbem;C:\Windows\System32\WindowsPowerShell\v1.0\;C:\Windows\System32\OpenSSH\;C:\ProgramData\chocolatey\bin;C:\tools\php73;C:\ProgramData\ComposerSetup\bin;C:\Program Files\Git\cmd;C:\Program Files\NVIDIA Corporation\NVIDIA NvDLISR;C:\Program Files (x86)\NVIDIA Corporation\PhysX\Common;C:\Program Files\dotnet\;C:\Program Files\Microsoft SQL Server\130\Tools\Binn\;C:\Program Files\Microsoft VS Code\bin;C:\Program Files\nodejs\;C:\Program Files\postgresql\10\bin;C:\Program Files\Java\jdk1.8.0_231\bin;C:\Program Files (x86)\Windows Live\Shared;C:\Program Files\Symfony;C:\Program Files\PuTTY\;C:\tools\php74;C:\Users\lucas\AppData\Local\Microsoft\WindowsApps;C:\Users\lucas\AppData\Roaming\Composer\vendor\bin;C:\Program Files\Oracle\VirtualBox;C:\Users\lucas\AppData\Roaming\npm;C:\tools\mysql\current\bin;

Yarn version: 
  1.22.4

Node version: 
  12.9.1

Platform: 
  win32 x64

Trace: 
  Error: EPERM: operation not permitted, unlink 'C:\code\AppMobile\ChatApp\node_modules\file-uri-to-path\test'

npm manifest: 
  {
    "main": "node_modules/expo/AppEntry.js",
    "scripts": {
      "start": "expo start",
      "android": "expo start --android",
      "ios": "expo start --ios",
      "web": "expo start --web",
      "eject": "expo eject"
    },
    "dependencies": {
      "expo": "~37.0.3",
      "react": "~16.9.0",
      "react-dom": "~16.9.0",
      "react-native": "https://github.com/expo/react-native/archive/sdk-37.0.1.tar.gz",
      "react-native-router-flux": "^4.2.0",
      "react-native-web": "~0.11.7",
      "yarn": "^1.22.4"
    },
    "devDependencies": {
      "babel-preset-expo": "~8.1.0",
      "@babel/core": "^7.8.6"
    },
    "private": true
  }

yarn manifest: 
  No manifest

Lockfile: 
  No lockfile
